{"/Users/david/code/protocol-labs/_libp2p/js/js-multihash/src/index.js":{"path":"/Users/david/code/protocol-labs/_libp2p/js/js-multihash/src/index.js","s":{"1":1,"2":1,"3":0,"4":0,"5":0,"6":0,"7":0,"8":1,"9":1,"10":1,"11":1,"12":7,"13":0,"14":7,"15":7,"16":0,"17":7,"18":7,"19":7,"20":0,"21":7,"22":0,"23":7,"24":1,"25":7,"26":7,"27":0,"28":7,"29":7,"30":7,"31":7,"32":7,"33":7,"34":1,"35":13,"36":0,"37":13,"38":1,"39":12,"40":0,"41":12,"42":2,"43":10,"44":3,"45":7,"46":1,"47":26,"48":26,"49":16,"50":0,"51":16,"52":26,"53":0,"54":26,"55":0,"56":26,"57":1,"58":268},"b":{"1":[0,0],"2":[0,0],"3":[0,7],"4":[7,7],"5":[0,7],"6":[7,0],"7":[0,7],"8":[7,7],"9":[0,7],"10":[0,7],"11":[0,13],"12":[1,12],"13":[0,12],"14":[2,10],"15":[12,12],"16":[3,7],"17":[16,10],"18":[0,16],"19":[0,26],"20":[0,26],"21":[26,0],"22":[268,266]},"f":{"1":0,"2":7,"3":7,"4":13,"5":26,"6":268},"fnMap":{"1":{"name":"(anonymous_1)","line":5,"loc":{"start":{"line":5,"column":26},"end":{"line":5,"column":38}}},"2":{"name":"MultihashEncode","line":38,"loc":{"start":{"line":38,"column":12},"end":{"line":38,"column":62}}},"3":{"name":"MultihashDecode","line":66,"loc":{"start":{"line":66,"column":12},"end":{"line":66,"column":49}}},"4":{"name":"validateMultihash","line":80,"loc":{"start":{"line":80,"column":14},"end":{"line":80,"column":53}}},"5":{"name":"coerceCode","line":104,"loc":{"start":{"line":104,"column":16},"end":{"line":104,"column":45}}},"6":{"name":"isAppCode","line":124,"loc":{"start":{"line":124,"column":15},"end":{"line":124,"column":41}}}},"statementMap":{"1":{"start":{"line":3,"column":0},"end":{"line":3,"column":35}},"2":{"start":{"line":5,"column":0},"end":{"line":13,"column":1}},"3":{"start":{"line":6,"column":2},"end":{"line":10,"column":3}},"4":{"start":{"line":7,"column":4},"end":{"line":7,"column":43}},"5":{"start":{"line":8,"column":9},"end":{"line":10,"column":3}},"6":{"start":{"line":9,"column":4},"end":{"line":9,"column":43}},"7":{"start":{"line":12,"column":2},"end":{"line":12,"column":83}},"8":{"start":{"line":17,"column":0},"end":{"line":24,"column":1}},"9":{"start":{"line":26,"column":0},"end":{"line":26,"column":27}},"10":{"start":{"line":28,"column":0},"end":{"line":35,"column":1}},"11":{"start":{"line":38,"column":0},"end":{"line":63,"column":1}},"12":{"start":{"line":39,"column":2},"end":{"line":41,"column":3}},"13":{"start":{"line":40,"column":4},"end":{"line":40,"column":82}},"14":{"start":{"line":44,"column":2},"end":{"line":44,"column":32}},"15":{"start":{"line":46,"column":2},"end":{"line":48,"column":3}},"16":{"start":{"line":47,"column":4},"end":{"line":47,"column":48}},"17":{"start":{"line":50,"column":2},"end":{"line":52,"column":3}},"18":{"start":{"line":51,"column":4},"end":{"line":51,"column":26}},"19":{"start":{"line":54,"column":2},"end":{"line":56,"column":3}},"20":{"start":{"line":55,"column":4},"end":{"line":55,"column":73}},"21":{"start":{"line":58,"column":2},"end":{"line":60,"column":3}},"22":{"start":{"line":59,"column":4},"end":{"line":59,"column":92}},"23":{"start":{"line":62,"column":2},"end":{"line":62,"column":62}},"24":{"start":{"line":66,"column":0},"end":{"line":78,"column":1}},"25":{"start":{"line":67,"column":2},"end":{"line":67,"column":34}},"26":{"start":{"line":68,"column":2},"end":{"line":70,"column":3}},"27":{"start":{"line":69,"column":4},"end":{"line":69,"column":13}},"28":{"start":{"line":72,"column":2},"end":{"line":72,"column":17}},"29":{"start":{"line":73,"column":2},"end":{"line":73,"column":28}},"30":{"start":{"line":74,"column":2},"end":{"line":74,"column":37}},"31":{"start":{"line":75,"column":2},"end":{"line":75,"column":30}},"32":{"start":{"line":76,"column":2},"end":{"line":76,"column":36}},"33":{"start":{"line":77,"column":2},"end":{"line":77,"column":15}},"34":{"start":{"line":80,"column":0},"end":{"line":102,"column":1}},"35":{"start":{"line":81,"column":2},"end":{"line":83,"column":3}},"36":{"start":{"line":82,"column":4},"end":{"line":82,"column":50}},"37":{"start":{"line":85,"column":2},"end":{"line":87,"column":3}},"38":{"start":{"line":86,"column":4},"end":{"line":86,"column":63}},"39":{"start":{"line":89,"column":2},"end":{"line":91,"column":3}},"40":{"start":{"line":90,"column":4},"end":{"line":90,"column":64}},"41":{"start":{"line":93,"column":2},"end":{"line":95,"column":3}},"42":{"start":{"line":94,"column":4},"end":{"line":94,"column":87}},"43":{"start":{"line":97,"column":2},"end":{"line":99,"column":3}},"44":{"start":{"line":98,"column":4},"end":{"line":98,"column":85}},"45":{"start":{"line":101,"column":2},"end":{"line":101,"column":14}},"46":{"start":{"line":104,"column":0},"end":{"line":122,"column":1}},"47":{"start":{"line":105,"column":2},"end":{"line":105,"column":19}},"48":{"start":{"line":106,"column":2},"end":{"line":111,"column":3}},"49":{"start":{"line":107,"column":4},"end":{"line":109,"column":5}},"50":{"start":{"line":108,"column":6},"end":{"line":108,"column":68}},"51":{"start":{"line":110,"column":4},"end":{"line":110,"column":27}},"52":{"start":{"line":113,"column":2},"end":{"line":115,"column":3}},"53":{"start":{"line":114,"column":4},"end":{"line":114,"column":74}},"54":{"start":{"line":117,"column":2},"end":{"line":119,"column":3}},"55":{"start":{"line":118,"column":4},"end":{"line":118,"column":58}},"56":{"start":{"line":121,"column":2},"end":{"line":121,"column":13}},"57":{"start":{"line":124,"column":0},"end":{"line":126,"column":1}},"58":{"start":{"line":125,"column":2},"end":{"line":125,"column":32}}},"branchMap":{"1":{"line":6,"type":"if","locations":[{"start":{"line":6,"column":2},"end":{"line":6,"column":2}},{"start":{"line":6,"column":2},"end":{"line":6,"column":2}}]},"2":{"line":8,"type":"if","locations":[{"start":{"line":8,"column":9},"end":{"line":8,"column":9}},{"start":{"line":8,"column":9},"end":{"line":8,"column":9}}]},"3":{"line":39,"type":"if","locations":[{"start":{"line":39,"column":2},"end":{"line":39,"column":2}},{"start":{"line":39,"column":2},"end":{"line":39,"column":2}}]},"4":{"line":39,"type":"binary-expr","locations":[{"start":{"line":39,"column":6},"end":{"line":39,"column":13}},{"start":{"line":39,"column":17},"end":{"line":39,"column":24}}]},"5":{"line":46,"type":"if","locations":[{"start":{"line":46,"column":2},"end":{"line":46,"column":2}},{"start":{"line":46,"column":2},"end":{"line":46,"column":2}}]},"6":{"line":50,"type":"if","locations":[{"start":{"line":50,"column":2},"end":{"line":50,"column":2}},{"start":{"line":50,"column":2},"end":{"line":50,"column":2}}]},"7":{"line":54,"type":"if","locations":[{"start":{"line":54,"column":2},"end":{"line":54,"column":2}},{"start":{"line":54,"column":2},"end":{"line":54,"column":2}}]},"8":{"line":54,"type":"binary-expr","locations":[{"start":{"line":54,"column":6},"end":{"line":54,"column":12}},{"start":{"line":54,"column":16},"end":{"line":54,"column":40}}]},"9":{"line":58,"type":"if","locations":[{"start":{"line":58,"column":2},"end":{"line":58,"column":2}},{"start":{"line":58,"column":2},"end":{"line":58,"column":2}}]},"10":{"line":68,"type":"if","locations":[{"start":{"line":68,"column":2},"end":{"line":68,"column":2}},{"start":{"line":68,"column":2},"end":{"line":68,"column":2}}]},"11":{"line":81,"type":"if","locations":[{"start":{"line":81,"column":2},"end":{"line":81,"column":2}},{"start":{"line":81,"column":2},"end":{"line":81,"column":2}}]},"12":{"line":85,"type":"if","locations":[{"start":{"line":85,"column":2},"end":{"line":85,"column":2}},{"start":{"line":85,"column":2},"end":{"line":85,"column":2}}]},"13":{"line":89,"type":"if","locations":[{"start":{"line":89,"column":2},"end":{"line":89,"column":2}},{"start":{"line":89,"column":2},"end":{"line":89,"column":2}}]},"14":{"line":93,"type":"if","locations":[{"start":{"line":93,"column":2},"end":{"line":93,"column":2}},{"start":{"line":93,"column":2},"end":{"line":93,"column":2}}]},"15":{"line":93,"type":"binary-expr","locations":[{"start":{"line":93,"column":6},"end":{"line":93,"column":33}},{"start":{"line":93,"column":37},"end":{"line":93,"column":60}}]},"16":{"line":97,"type":"if","locations":[{"start":{"line":97,"column":2},"end":{"line":97,"column":2}},{"start":{"line":97,"column":2},"end":{"line":97,"column":2}}]},"17":{"line":106,"type":"if","locations":[{"start":{"line":106,"column":2},"end":{"line":106,"column":2}},{"start":{"line":106,"column":2},"end":{"line":106,"column":2}}]},"18":{"line":107,"type":"if","locations":[{"start":{"line":107,"column":4},"end":{"line":107,"column":4}},{"start":{"line":107,"column":4},"end":{"line":107,"column":4}}]},"19":{"line":113,"type":"if","locations":[{"start":{"line":113,"column":2},"end":{"line":113,"column":2}},{"start":{"line":113,"column":2},"end":{"line":113,"column":2}}]},"20":{"line":117,"type":"if","locations":[{"start":{"line":117,"column":2},"end":{"line":117,"column":2}},{"start":{"line":117,"column":2},"end":{"line":117,"column":2}}]},"21":{"line":117,"type":"binary-expr","locations":[{"start":{"line":117,"column":6},"end":{"line":117,"column":21}},{"start":{"line":117,"column":25},"end":{"line":117,"column":44}}]},"22":{"line":125,"type":"binary-expr","locations":[{"start":{"line":125,"column":9},"end":{"line":125,"column":17}},{"start":{"line":125,"column":21},"end":{"line":125,"column":32}}]}}}}