TN:
SF:/Users/david/code/protocol-labs/_libp2p/js/js-multihash/src/index.js
FN:5,(anonymous_1)
FN:38,MultihashEncode
FN:66,MultihashDecode
FN:80,validateMultihash
FN:104,coerceCode
FN:124,isAppCode
FNF:6
FNH:5
FNDA:0,(anonymous_1)
FNDA:7,MultihashEncode
FNDA:7,MultihashDecode
FNDA:13,validateMultihash
FNDA:26,coerceCode
FNDA:268,isAppCode
DA:3,1
DA:5,1
DA:6,0
DA:7,0
DA:8,0
DA:9,0
DA:12,0
DA:17,1
DA:26,1
DA:28,1
DA:38,1
DA:39,7
DA:40,0
DA:44,7
DA:46,7
DA:47,0
DA:50,7
DA:51,7
DA:54,7
DA:55,0
DA:58,7
DA:59,0
DA:62,7
DA:66,1
DA:67,7
DA:68,7
DA:69,0
DA:72,7
DA:73,7
DA:74,7
DA:75,7
DA:76,7
DA:77,7
DA:80,1
DA:81,13
DA:82,0
DA:85,13
DA:86,1
DA:89,12
DA:90,0
DA:93,12
DA:94,2
DA:97,10
DA:98,3
DA:101,7
DA:104,1
DA:105,26
DA:106,26
DA:107,16
DA:108,0
DA:110,16
DA:113,26
DA:114,0
DA:117,26
DA:118,0
DA:121,26
DA:124,1
DA:125,268
LF:58
LH:43
BRDA:6,1,0,0
BRDA:6,1,1,0
BRDA:8,2,0,0
BRDA:8,2,1,0
BRDA:39,3,0,0
BRDA:39,3,1,7
BRDA:39,4,0,7
BRDA:39,4,1,7
BRDA:46,5,0,0
BRDA:46,5,1,7
BRDA:50,6,0,7
BRDA:50,6,1,0
BRDA:54,7,0,0
BRDA:54,7,1,7
BRDA:54,8,0,7
BRDA:54,8,1,7
BRDA:58,9,0,0
BRDA:58,9,1,7
BRDA:68,10,0,0
BRDA:68,10,1,7
BRDA:81,11,0,0
BRDA:81,11,1,13
BRDA:85,12,0,1
BRDA:85,12,1,12
BRDA:89,13,0,0
BRDA:89,13,1,12
BRDA:93,14,0,2
BRDA:93,14,1,10
BRDA:93,15,0,12
BRDA:93,15,1,12
BRDA:97,16,0,3
BRDA:97,16,1,7
BRDA:106,17,0,16
BRDA:106,17,1,10
BRDA:107,18,0,0
BRDA:107,18,1,16
BRDA:113,19,0,0
BRDA:113,19,1,26
BRDA:117,20,0,0
BRDA:117,20,1,26
BRDA:117,21,0,26
BRDA:117,21,1,0
BRDA:125,22,0,268
BRDA:125,22,1,266
BRF:44
BRH:28
end_of_record
